{
  "uid": "14ec22ca5de9e137",
  "name": "VerifyUpdateFunctionality",
  "fullName": "GoooBigTestCases.GoooBig_Home.VerifyUpdateFunctionality",
  "historyId": "d1fab1c75ef372c87e8d2c0ac082ae7d",
  "time": {
    "start": 1717407197532,
    "stop": 1717407201636,
    "duration": 4104
  },
  "description": "This test attempts to verify the Search bar on the home screen.",
  "descriptionHtml": "<p>This test attempts to verify the Search bar on the home screen.</p>\n",
  "status": "failed",
  "statusMessage": "Update results found when none were expected expected [false] but found [true]",
  "statusTrace": "java.lang.AssertionError: Update results found when none were expected expected [false] but found [true]\r\n\tat org.testng.Assert.fail(Assert.java:99)\r\n\tat org.testng.Assert.failNotEquals(Assert.java:1037)\r\n\tat org.testng.Assert.assertFalse(Assert.java:67)\r\n\tat GoooBigTestCases.GoooBig_Home.VerifyUpdateFunctionality(GoooBig_Home.java:133)\r\n\tat sun.reflect.NativeMethodAccessorImpl.invoke0(Native Method)\r\n\tat sun.reflect.NativeMethodAccessorImpl.invoke(NativeMethodAccessorImpl.java:62)\r\n\tat sun.reflect.DelegatingMethodAccessorImpl.invoke(DelegatingMethodAccessorImpl.java:43)\r\n\tat java.lang.reflect.Method.invoke(Method.java:498)\r\n\tat org.testng.internal.MethodInvocationHelper.invokeMethod(MethodInvocationHelper.java:133)\r\n\tat org.testng.internal.TestInvoker.invokeMethod(TestInvoker.java:598)\r\n\tat org.testng.internal.TestInvoker.invokeTestMethod(TestInvoker.java:173)\r\n\tat org.testng.internal.MethodRunner.runInSequence(MethodRunner.java:46)\r\n\tat org.testng.internal.TestInvoker$MethodInvocationAgent.invoke(TestInvoker.java:824)\r\n\tat org.testng.internal.TestInvoker.invokeTestMethods(TestInvoker.java:146)\r\n\tat org.testng.internal.TestMethodWorker.invokeTestMethods(TestMethodWorker.java:146)\r\n\tat org.testng.internal.TestMethodWorker.run(TestMethodWorker.java:128)\r\n\tat java.util.ArrayList.forEach(ArrayList.java:1259)\r\n\tat org.testng.TestRunner.privateRun(TestRunner.java:794)\r\n\tat org.testng.TestRunner.run(TestRunner.java:596)\r\n\tat org.testng.SuiteRunner.runTest(SuiteRunner.java:377)\r\n\tat org.testng.SuiteRunner.runSequentially(SuiteRunner.java:371)\r\n\tat org.testng.SuiteRunner.privateRun(SuiteRunner.java:332)\r\n\tat org.testng.SuiteRunner.run(SuiteRunner.java:276)\r\n\tat org.testng.SuiteRunnerWorker.runSuite(SuiteRunnerWorker.java:53)\r\n\tat org.testng.SuiteRunnerWorker.run(SuiteRunnerWorker.java:96)\r\n\tat org.testng.TestNG.runSuitesSequentially(TestNG.java:1212)\r\n\tat org.testng.TestNG.runSuitesLocally(TestNG.java:1134)\r\n\tat org.testng.TestNG.runSuites(TestNG.java:1063)\r\n\tat org.testng.TestNG.run(TestNG.java:1031)\r\n\tat com.intellij.rt.testng.IDEARemoteTestNG.run(IDEARemoteTestNG.java:65)\r\n\tat com.intellij.rt.testng.RemoteTestNGStarter.main(RemoteTestNGStarter.java:105)\r\n",
  "flaky": false,
  "newFailed": false,
  "newBroken": false,
  "newPassed": false,
  "retriesCount": 0,
  "retriesStatusChange": false,
  "beforeStages": [],
  "testStage": {
    "description": "This test attempts to verify the Search bar on the home screen.",
    "status": "failed",
    "statusMessage": "Update results found when none were expected expected [false] but found [true]",
    "statusTrace": "java.lang.AssertionError: Update results found when none were expected expected [false] but found [true]\r\n\tat org.testng.Assert.fail(Assert.java:99)\r\n\tat org.testng.Assert.failNotEquals(Assert.java:1037)\r\n\tat org.testng.Assert.assertFalse(Assert.java:67)\r\n\tat GoooBigTestCases.GoooBig_Home.VerifyUpdateFunctionality(GoooBig_Home.java:133)\r\n\tat sun.reflect.NativeMethodAccessorImpl.invoke0(Native Method)\r\n\tat sun.reflect.NativeMethodAccessorImpl.invoke(NativeMethodAccessorImpl.java:62)\r\n\tat sun.reflect.DelegatingMethodAccessorImpl.invoke(DelegatingMethodAccessorImpl.java:43)\r\n\tat java.lang.reflect.Method.invoke(Method.java:498)\r\n\tat org.testng.internal.MethodInvocationHelper.invokeMethod(MethodInvocationHelper.java:133)\r\n\tat org.testng.internal.TestInvoker.invokeMethod(TestInvoker.java:598)\r\n\tat org.testng.internal.TestInvoker.invokeTestMethod(TestInvoker.java:173)\r\n\tat org.testng.internal.MethodRunner.runInSequence(MethodRunner.java:46)\r\n\tat org.testng.internal.TestInvoker$MethodInvocationAgent.invoke(TestInvoker.java:824)\r\n\tat org.testng.internal.TestInvoker.invokeTestMethods(TestInvoker.java:146)\r\n\tat org.testng.internal.TestMethodWorker.invokeTestMethods(TestMethodWorker.java:146)\r\n\tat org.testng.internal.TestMethodWorker.run(TestMethodWorker.java:128)\r\n\tat java.util.ArrayList.forEach(ArrayList.java:1259)\r\n\tat org.testng.TestRunner.privateRun(TestRunner.java:794)\r\n\tat org.testng.TestRunner.run(TestRunner.java:596)\r\n\tat org.testng.SuiteRunner.runTest(SuiteRunner.java:377)\r\n\tat org.testng.SuiteRunner.runSequentially(SuiteRunner.java:371)\r\n\tat org.testng.SuiteRunner.privateRun(SuiteRunner.java:332)\r\n\tat org.testng.SuiteRunner.run(SuiteRunner.java:276)\r\n\tat org.testng.SuiteRunnerWorker.runSuite(SuiteRunnerWorker.java:53)\r\n\tat org.testng.SuiteRunnerWorker.run(SuiteRunnerWorker.java:96)\r\n\tat org.testng.TestNG.runSuitesSequentially(TestNG.java:1212)\r\n\tat org.testng.TestNG.runSuitesLocally(TestNG.java:1134)\r\n\tat org.testng.TestNG.runSuites(TestNG.java:1063)\r\n\tat org.testng.TestNG.run(TestNG.java:1031)\r\n\tat com.intellij.rt.testng.IDEARemoteTestNG.run(IDEARemoteTestNG.java:65)\r\n\tat com.intellij.rt.testng.RemoteTestNGStarter.main(RemoteTestNGStarter.java:105)\r\n",
    "steps": [
      {
        "name": "Verify Update Functionality.",
        "time": {
          "start": 1717407199915,
          "stop": 1717407199915,
          "duration": 0
        },
        "status": "passed",
        "steps": [],
        "attachments": [],
        "parameters": [],
        "attachmentStep": false,
        "stepsCount": 0,
        "hasContent": false,
        "attachmentsCount": 0,
        "shouldDisplayMessage": false
      }
    ],
    "attachments": [
      {
        "uid": "ddc1eb44570eae4d",
        "name": "Screenshot on failure",
        "source": "ddc1eb44570eae4d.png",
        "type": "image/png",
        "size": 180668
      }
    ],
    "parameters": [],
    "attachmentStep": false,
    "stepsCount": 1,
    "hasContent": true,
    "attachmentsCount": 1,
    "shouldDisplayMessage": true
  },
  "afterStages": [],
  "labels": [
    {
      "name": "package",
      "value": "GoooBigTestCases.GoooBig_Home"
    },
    {
      "name": "testClass",
      "value": "GoooBigTestCases.GoooBig_Home"
    },
    {
      "name": "testMethod",
      "value": "VerifyUpdateFunctionality"
    },
    {
      "name": "parentSuite",
      "value": "All Test Suite"
    },
    {
      "name": "suite",
      "value": "F:/GoooBigMobileApp"
    },
    {
      "name": "subSuite",
      "value": "GoooBigTestCases.GoooBig_Home"
    },
    {
      "name": "host",
      "value": "Lenovo"
    },
    {
      "name": "thread",
      "value": "2948@Lenovo.main(1)"
    },
    {
      "name": "framework",
      "value": "testng"
    },
    {
      "name": "language",
      "value": "java"
    },
    {
      "name": "owner",
      "value": "Ahmed Ali"
    },
    {
      "name": "severity",
      "value": "critical"
    },
    {
      "name": "resultFormat",
      "value": "allure2"
    }
  ],
  "parameters": [
    {
      "name": "deviceName",
      "value": "emulator-5554"
    },
    {
      "name": "platformName",
      "value": "Android"
    },
    {
      "name": "platformVersion",
      "value": "9"
    }
  ],
  "links": [],
  "hidden": false,
  "retry": false,
  "extra": {
    "severity": "critical",
    "owner": "Ahmed Ali",
    "retries": [],
    "categories": [
      {
        "name": "Product defects",
        "matchedStatuses": [],
        "flaky": false
      }
    ],
    "tags": []
  },
  "source": "14ec22ca5de9e137.json",
  "parameterValues": [
    "emulator-5554",
    "Android",
    "9"
  ]
}