{
  "uid": "f8fdb33911e32829",
  "name": "testcase2",
  "fullName": "GoooBigTestCases.GoooBig_OtherPaymentMethods.testcase2",
  "historyId": "6c5782eb67307f14dfc6d19c1652c245",
  "time": {
    "start": 1717426874985,
    "stop": 1717426885391,
    "duration": 10406
  },
  "description": "",
  "status": "failed",
  "statusMessage": "expected [0.00] but found [8980.00]",
  "statusTrace": "java.lang.AssertionError: expected [0.00] but found [8980.00]\r\n\tat org.testng.Assert.fail(Assert.java:99)\r\n\tat org.testng.Assert.failNotEquals(Assert.java:1037)\r\n\tat org.testng.Assert.assertEqualsImpl(Assert.java:140)\r\n\tat org.testng.Assert.assertEquals(Assert.java:122)\r\n\tat org.testng.Assert.assertEquals(Assert.java:629)\r\n\tat org.testng.Assert.assertEquals(Assert.java:639)\r\n\tat GoooBigTestCases.GoooBig_OtherPaymentMethods.testcase2(GoooBig_OtherPaymentMethods.java:128)\r\n\tat sun.reflect.NativeMethodAccessorImpl.invoke0(Native Method)\r\n\tat sun.reflect.NativeMethodAccessorImpl.invoke(NativeMethodAccessorImpl.java:62)\r\n\tat sun.reflect.DelegatingMethodAccessorImpl.invoke(DelegatingMethodAccessorImpl.java:43)\r\n\tat java.lang.reflect.Method.invoke(Method.java:498)\r\n\tat org.testng.internal.MethodInvocationHelper.invokeMethod(MethodInvocationHelper.java:133)\r\n\tat org.testng.internal.TestInvoker.invokeMethod(TestInvoker.java:598)\r\n\tat org.testng.internal.TestInvoker.invokeTestMethod(TestInvoker.java:173)\r\n\tat org.testng.internal.MethodRunner.runInSequence(MethodRunner.java:46)\r\n\tat org.testng.internal.TestInvoker$MethodInvocationAgent.invoke(TestInvoker.java:824)\r\n\tat org.testng.internal.TestInvoker.invokeTestMethods(TestInvoker.java:146)\r\n\tat org.testng.internal.TestMethodWorker.invokeTestMethods(TestMethodWorker.java:146)\r\n\tat org.testng.internal.TestMethodWorker.run(TestMethodWorker.java:128)\r\n\tat java.util.ArrayList.forEach(ArrayList.java:1259)\r\n\tat org.testng.TestRunner.privateRun(TestRunner.java:794)\r\n\tat org.testng.TestRunner.run(TestRunner.java:596)\r\n\tat org.testng.SuiteRunner.runTest(SuiteRunner.java:377)\r\n\tat org.testng.SuiteRunner.runSequentially(SuiteRunner.java:371)\r\n\tat org.testng.SuiteRunner.privateRun(SuiteRunner.java:332)\r\n\tat org.testng.SuiteRunner.run(SuiteRunner.java:276)\r\n\tat org.testng.SuiteRunnerWorker.runSuite(SuiteRunnerWorker.java:53)\r\n\tat org.testng.SuiteRunnerWorker.run(SuiteRunnerWorker.java:96)\r\n\tat org.testng.TestNG.runSuitesSequentially(TestNG.java:1212)\r\n\tat org.testng.TestNG.runSuitesLocally(TestNG.java:1134)\r\n\tat org.testng.TestNG.runSuites(TestNG.java:1063)\r\n\tat org.testng.TestNG.run(TestNG.java:1031)\r\n\tat com.intellij.rt.testng.IDEARemoteTestNG.run(IDEARemoteTestNG.java:65)\r\n\tat com.intellij.rt.testng.RemoteTestNGStarter.main(RemoteTestNGStarter.java:105)\r\n",
  "flaky": false,
  "newFailed": false,
  "newBroken": false,
  "newPassed": false,
  "retriesCount": 0,
  "retriesStatusChange": false,
  "beforeStages": [],
  "testStage": {
    "description": "",
    "status": "failed",
    "statusMessage": "expected [0.00] but found [8980.00]",
    "statusTrace": "java.lang.AssertionError: expected [0.00] but found [8980.00]\r\n\tat org.testng.Assert.fail(Assert.java:99)\r\n\tat org.testng.Assert.failNotEquals(Assert.java:1037)\r\n\tat org.testng.Assert.assertEqualsImpl(Assert.java:140)\r\n\tat org.testng.Assert.assertEquals(Assert.java:122)\r\n\tat org.testng.Assert.assertEquals(Assert.java:629)\r\n\tat org.testng.Assert.assertEquals(Assert.java:639)\r\n\tat GoooBigTestCases.GoooBig_OtherPaymentMethods.testcase2(GoooBig_OtherPaymentMethods.java:128)\r\n\tat sun.reflect.NativeMethodAccessorImpl.invoke0(Native Method)\r\n\tat sun.reflect.NativeMethodAccessorImpl.invoke(NativeMethodAccessorImpl.java:62)\r\n\tat sun.reflect.DelegatingMethodAccessorImpl.invoke(DelegatingMethodAccessorImpl.java:43)\r\n\tat java.lang.reflect.Method.invoke(Method.java:498)\r\n\tat org.testng.internal.MethodInvocationHelper.invokeMethod(MethodInvocationHelper.java:133)\r\n\tat org.testng.internal.TestInvoker.invokeMethod(TestInvoker.java:598)\r\n\tat org.testng.internal.TestInvoker.invokeTestMethod(TestInvoker.java:173)\r\n\tat org.testng.internal.MethodRunner.runInSequence(MethodRunner.java:46)\r\n\tat org.testng.internal.TestInvoker$MethodInvocationAgent.invoke(TestInvoker.java:824)\r\n\tat org.testng.internal.TestInvoker.invokeTestMethods(TestInvoker.java:146)\r\n\tat org.testng.internal.TestMethodWorker.invokeTestMethods(TestMethodWorker.java:146)\r\n\tat org.testng.internal.TestMethodWorker.run(TestMethodWorker.java:128)\r\n\tat java.util.ArrayList.forEach(ArrayList.java:1259)\r\n\tat org.testng.TestRunner.privateRun(TestRunner.java:794)\r\n\tat org.testng.TestRunner.run(TestRunner.java:596)\r\n\tat org.testng.SuiteRunner.runTest(SuiteRunner.java:377)\r\n\tat org.testng.SuiteRunner.runSequentially(SuiteRunner.java:371)\r\n\tat org.testng.SuiteRunner.privateRun(SuiteRunner.java:332)\r\n\tat org.testng.SuiteRunner.run(SuiteRunner.java:276)\r\n\tat org.testng.SuiteRunnerWorker.runSuite(SuiteRunnerWorker.java:53)\r\n\tat org.testng.SuiteRunnerWorker.run(SuiteRunnerWorker.java:96)\r\n\tat org.testng.TestNG.runSuitesSequentially(TestNG.java:1212)\r\n\tat org.testng.TestNG.runSuitesLocally(TestNG.java:1134)\r\n\tat org.testng.TestNG.runSuites(TestNG.java:1063)\r\n\tat org.testng.TestNG.run(TestNG.java:1031)\r\n\tat com.intellij.rt.testng.IDEARemoteTestNG.run(IDEARemoteTestNG.java:65)\r\n\tat com.intellij.rt.testng.RemoteTestNGStarter.main(RemoteTestNGStarter.java:105)\r\n",
    "steps": [
      {
        "name": "verify to get data like price and Tax an total price of the invoice.",
        "time": {
          "start": 1717426875031,
          "stop": 1717426875031,
          "duration": 0
        },
        "status": "passed",
        "steps": [],
        "attachments": [],
        "parameters": [],
        "attachmentStep": false,
        "stepsCount": 0,
        "hasContent": false,
        "attachmentsCount": 0,
        "shouldDisplayMessage": false
      },
      {
        "name": "verify to do payment and print the invoice.",
        "time": {
          "start": 1717426875233,
          "stop": 1717426875233,
          "duration": 0
        },
        "status": "passed",
        "steps": [],
        "attachments": [],
        "parameters": [],
        "attachmentStep": false,
        "stepsCount": 0,
        "hasContent": false,
        "attachmentsCount": 0,
        "shouldDisplayMessage": false
      },
      {
        "name": "Assert AmountPayment in top screen with AmountPayment in text field.",
        "time": {
          "start": 1717426878303,
          "stop": 1717426878303,
          "duration": 0
        },
        "status": "passed",
        "steps": [],
        "attachments": [],
        "parameters": [],
        "attachmentStep": false,
        "stepsCount": 0,
        "hasContent": false,
        "attachmentsCount": 0,
        "shouldDisplayMessage": false
      },
      {
        "name": "send value to the text field for Invoice Amount",
        "time": {
          "start": 1717426878303,
          "stop": 1717426878303,
          "duration": 0
        },
        "status": "passed",
        "steps": [],
        "attachments": [],
        "parameters": [],
        "attachmentStep": false,
        "stepsCount": 0,
        "hasContent": false,
        "attachmentsCount": 0,
        "shouldDisplayMessage": false
      },
      {
        "name": "Assert the ResidualAmountPayment in the top screen with ResidualAmountPayment in text field.",
        "time": {
          "start": 1717426884487,
          "stop": 1717426884487,
          "duration": 0
        },
        "status": "passed",
        "steps": [],
        "attachments": [],
        "parameters": [],
        "attachmentStep": false,
        "stepsCount": 0,
        "hasContent": false,
        "attachmentsCount": 0,
        "shouldDisplayMessage": false
      }
    ],
    "attachments": [
      {
        "uid": "c7ae759a782c6c48",
        "name": "Test Output",
        "source": "c7ae759a782c6c48.txt",
        "type": "text/plain",
        "size": 56
      },
      {
        "uid": "130a5b445e9cba",
        "name": "Test Output",
        "source": "130a5b445e9cba.txt",
        "type": "text/plain",
        "size": 38
      },
      {
        "uid": "13f061592ade3173",
        "name": "Test Output",
        "source": "13f061592ade3173.txt",
        "type": "text/plain",
        "size": 44
      },
      {
        "uid": "e8a03321b05c5ab",
        "name": "Test Output",
        "source": "e8a03321b05c5ab.txt",
        "type": "text/plain",
        "size": 46
      },
      {
        "uid": "e0175faafc3ac988",
        "name": "Test Output",
        "source": "e0175faafc3ac988.txt",
        "type": "text/plain",
        "size": 46
      },
      {
        "uid": "3a327d9fd5a96111",
        "name": "Screenshot on failure",
        "source": "3a327d9fd5a96111.png",
        "type": "image/png",
        "size": 129713
      }
    ],
    "parameters": [],
    "attachmentStep": false,
    "stepsCount": 5,
    "hasContent": true,
    "attachmentsCount": 6,
    "shouldDisplayMessage": true
  },
  "afterStages": [],
  "labels": [
    {
      "name": "package",
      "value": "GoooBigTestCases.GoooBig_OtherPaymentMethods"
    },
    {
      "name": "testClass",
      "value": "GoooBigTestCases.GoooBig_OtherPaymentMethods"
    },
    {
      "name": "testMethod",
      "value": "testcase2"
    },
    {
      "name": "parentSuite",
      "value": "All Test Suite"
    },
    {
      "name": "suite",
      "value": "F:/GoooBigMobileApp"
    },
    {
      "name": "subSuite",
      "value": "GoooBigTestCases.GoooBig_OtherPaymentMethods"
    },
    {
      "name": "host",
      "value": "Lenovo"
    },
    {
      "name": "thread",
      "value": "4800@Lenovo.main(1)"
    },
    {
      "name": "framework",
      "value": "testng"
    },
    {
      "name": "language",
      "value": "java"
    },
    {
      "name": "owner",
      "value": "Ahmed Ali"
    },
    {
      "name": "severity",
      "value": "critical"
    },
    {
      "name": "resultFormat",
      "value": "allure2"
    }
  ],
  "parameters": [
    {
      "name": "deviceName",
      "value": "emulator-5554"
    },
    {
      "name": "platformName",
      "value": "Android"
    },
    {
      "name": "platformVersion",
      "value": "9"
    }
  ],
  "links": [],
  "hidden": true,
  "retry": true,
  "extra": {
    "categories": [],
    "tags": []
  },
  "source": "f8fdb33911e32829.json",
  "parameterValues": [
    "emulator-5554",
    "Android",
    "9"
  ]
}