{
  "uuid": "06d10570-22e5-43b0-9e33-414d4ca1aec6",
  "historyId": "a3262e3c2c1ebd2a99e5a896331ff6ec",
  "fullName": "GoooBigTestCases.GoooBig_NoticeCreditor.VerifyToCreateANoticeCreditorInvoice",
  "labels": [
    {
      "name": "package",
      "value": "GoooBigTestCases.GoooBig_NoticeCreditor"
    },
    {
      "name": "testClass",
      "value": "GoooBigTestCases.GoooBig_NoticeCreditor"
    },
    {
      "name": "testMethod",
      "value": "VerifyToCreateANoticeCreditorInvoice"
    },
    {
      "name": "parentSuite",
      "value": "All Test Suite"
    },
    {
      "name": "suite",
      "value": "F:/GoooBigMobileApp"
    },
    {
      "name": "subSuite",
      "value": "GoooBigTestCases.GoooBig_NoticeCreditor"
    },
    {
      "name": "host",
      "value": "Lenovo"
    },
    {
      "name": "thread",
      "value": "11356@Lenovo.main(1)"
    },
    {
      "name": "framework",
      "value": "testng"
    },
    {
      "name": "language",
      "value": "java"
    },
    {
      "name": "owner",
      "value": "Ahmed Ali"
    },
    {
      "name": "severity",
      "value": "critical"
    }
  ],
  "links": [],
  "name": "VerifyToCreateANoticeCreditorInvoice",
  "status": "broken",
  "statusDetails": {
    "known": false,
    "muted": false,
    "flaky": false,
    "message": "Can't locate an element by this strategy: By.chained({By.xpath: //android.view.View[@content-desc='الكاشير']})",
    "trace": "org.openqa.selenium.NoSuchElementException: Can't locate an element by this strategy: By.chained({By.xpath: //android.view.View[@content-desc='الكاشير']})\r\n\tat io.appium.java_client.pagefactory.AppiumElementLocator.findElement(AppiumElementLocator.java:126)\r\n\tat io.appium.java_client.pagefactory.interceptors.InterceptorOfASingleElement.intercept(InterceptorOfASingleElement.java:59)\r\n\tat io.appium.java_client.android.AndroidElement$$EnhancerByCGLIB$$b598166c.click(<generated>)\r\n\tat GoooBigScreens.NoticeCreditorScreen.NavigateToCashierProduct(NoticeCreditorScreen.java:107)\r\n\tat GoooBigTestCases.GoooBig_NoticeCreditor.VerifyToCreateANoticeCreditorInvoice(GoooBig_NoticeCreditor.java:231)\r\n\tat sun.reflect.NativeMethodAccessorImpl.invoke0(Native Method)\r\n\tat sun.reflect.NativeMethodAccessorImpl.invoke(NativeMethodAccessorImpl.java:62)\r\n\tat sun.reflect.DelegatingMethodAccessorImpl.invoke(DelegatingMethodAccessorImpl.java:43)\r\n\tat java.lang.reflect.Method.invoke(Method.java:498)\r\n\tat org.testng.internal.MethodInvocationHelper.invokeMethod(MethodInvocationHelper.java:133)\r\n\tat org.testng.internal.TestInvoker.invokeMethod(TestInvoker.java:598)\r\n\tat org.testng.internal.TestInvoker.invokeTestMethod(TestInvoker.java:173)\r\n\tat org.testng.internal.MethodRunner.runInSequence(MethodRunner.java:46)\r\n\tat org.testng.internal.TestInvoker$MethodInvocationAgent.invoke(TestInvoker.java:824)\r\n\tat org.testng.internal.TestInvoker.invokeTestMethods(TestInvoker.java:146)\r\n\tat org.testng.internal.TestMethodWorker.invokeTestMethods(TestMethodWorker.java:146)\r\n\tat org.testng.internal.TestMethodWorker.run(TestMethodWorker.java:128)\r\n\tat java.util.ArrayList.forEach(ArrayList.java:1259)\r\n\tat org.testng.TestRunner.privateRun(TestRunner.java:794)\r\n\tat org.testng.TestRunner.run(TestRunner.java:596)\r\n\tat org.testng.SuiteRunner.runTest(SuiteRunner.java:377)\r\n\tat org.testng.SuiteRunner.runSequentially(SuiteRunner.java:371)\r\n\tat org.testng.SuiteRunner.privateRun(SuiteRunner.java:332)\r\n\tat org.testng.SuiteRunner.run(SuiteRunner.java:276)\r\n\tat org.testng.SuiteRunnerWorker.runSuite(SuiteRunnerWorker.java:53)\r\n\tat org.testng.SuiteRunnerWorker.run(SuiteRunnerWorker.java:96)\r\n\tat org.testng.TestNG.runSuitesSequentially(TestNG.java:1212)\r\n\tat org.testng.TestNG.runSuitesLocally(TestNG.java:1134)\r\n\tat org.testng.TestNG.runSuites(TestNG.java:1063)\r\n\tat org.testng.TestNG.run(TestNG.java:1031)\r\n\tat com.intellij.rt.testng.IDEARemoteTestNG.run(IDEARemoteTestNG.java:65)\r\n\tat com.intellij.rt.testng.RemoteTestNGStarter.main(RemoteTestNGStarter.java:105)\r\nCaused by: org.openqa.selenium.TimeoutException: Expected condition failed: waiting for io.appium.java_client.pagefactory.AppiumElementLocator$WaitingFunction@18dac12f (tried for 1 second(s) with 500 milliseconds interval)\r\n\tat org.openqa.selenium.support.ui.FluentWait.timeoutException(FluentWait.java:304)\r\n\tat org.openqa.selenium.support.ui.FluentWait.until(FluentWait.java:272)\r\n\tat io.appium.java_client.pagefactory.AppiumElementLocator.waitFor(AppiumElementLocator.java:99)\r\n\tat io.appium.java_client.pagefactory.AppiumElementLocator.findElement(AppiumElementLocator.java:119)\r\n\t... 31 more\r\nCaused by: org.openqa.selenium.NoSuchElementException: Cannot locate an element using By.chained({By.xpath: //android.view.View[@content-desc='الكاشير']})\nFor documentation on this error, please visit: https://www.seleniumhq.org/exceptions/no_such_element.html\nBuild info: version: '3.141.59', revision: 'e82be7d358', time: '2018-11-14T08:17:03'\nSystem info: host: 'LENOVO', ip: '172.18.16.1', os.name: 'Windows 10', os.arch: 'amd64', os.version: '10.0', java.version: '1.8.0_271'\nDriver info: driver.version: AndroidDriver\r\n\tat io.appium.java_client.pagefactory.bys.builder.ByChained.findElement(ByChained.java:74)\r\n\tat org.openqa.selenium.remote.RemoteWebDriver.findElement(RemoteWebDriver.java:315)\r\n\tat io.appium.java_client.DefaultGenericMobileDriver.findElement(DefaultGenericMobileDriver.java:57)\r\n\tat io.appium.java_client.AppiumDriver.findElement(AppiumDriver.java:1)\r\n\tat io.appium.java_client.android.AndroidDriver.findElement(AndroidDriver.java:1)\r\n\tat io.appium.java_client.pagefactory.bys.ContentMappedBy.findElement(ContentMappedBy.java:50)\r\n\tat org.openqa.selenium.remote.RemoteWebDriver.findElement(RemoteWebDriver.java:315)\r\n\tat io.appium.java_client.DefaultGenericMobileDriver.findElement(DefaultGenericMobileDriver.java:57)\r\n\tat io.appium.java_client.AppiumDriver.findElement(AppiumDriver.java:1)\r\n\tat io.appium.java_client.android.AndroidDriver.findElement(AndroidDriver.java:1)\r\n\tat io.appium.java_client.pagefactory.AppiumElementLocator.lambda$0(AppiumElementLocator.java:120)\r\n\tat io.appium.java_client.pagefactory.AppiumElementLocator$WaitingFunction.apply(AppiumElementLocator.java:172)\r\n\tat io.appium.java_client.pagefactory.AppiumElementLocator$WaitingFunction.apply(AppiumElementLocator.java:1)\r\n\tat org.openqa.selenium.support.ui.FluentWait.until(FluentWait.java:249)\r\n\t... 33 more\r\n"
  },
  "stage": "finished",
  "description": "This test attempts to Navigate to Make Notice Creditor invoice.",
  "steps": [
    {
      "name": "click on Next Button.",
      "status": "passed",
      "stage": "finished",
      "steps": [],
      "attachments": [],
      "parameters": [],
      "start": 1721811516678,
      "stop": 1721811516678
    },
    {
      "name": "verify to do Notice Creditor for Invoice.",
      "status": "passed",
      "stage": "finished",
      "steps": [],
      "attachments": [],
      "parameters": [],
      "start": 1721811519172,
      "stop": 1721811519172
    },
    {
      "name": "verify to select client for the notice creditor invoice.",
      "status": "passed",
      "stage": "finished",
      "steps": [],
      "attachments": [],
      "parameters": [],
      "start": 1721811519940,
      "stop": 1721811519940
    },
    {
      "name": "verify to do Adding total price of Notice Creditor for Payment.",
      "status": "passed",
      "stage": "finished",
      "steps": [],
      "attachments": [],
      "parameters": [],
      "start": 1721811527219,
      "stop": 1721811527219
    },
    {
      "name": "verify to get Total Price After Adding Payment Method.",
      "status": "passed",
      "stage": "finished",
      "steps": [],
      "attachments": [],
      "parameters": [],
      "start": 1721811527386,
      "stop": 1721811527386
    },
    {
      "name": "verify total price become zero after add all total price.",
      "status": "passed",
      "stage": "finished",
      "steps": [],
      "attachments": [],
      "parameters": [],
      "start": 1721811528884,
      "stop": 1721811528884
    },
    {
      "name": "verify to Confirm Notice Creditor.",
      "status": "passed",
      "stage": "finished",
      "steps": [],
      "attachments": [],
      "parameters": [],
      "start": 1721811528884,
      "stop": 1721811528884
    }
  ],
  "attachments": [
    {
      "name": "Test Output",
      "source": "3ce6a4f1-0106-49ff-bdac-8e6f5c891288-attachment.txt",
      "type": "text/plain"
    },
    {
      "name": "Test Output",
      "source": "08063fd2-e3fc-41d7-9083-bb957757779e-attachment.txt",
      "type": "text/plain"
    },
    {
      "name": "Test Output",
      "source": "fb92ac74-6f11-4275-a85d-9fa0933d0d04-attachment.txt",
      "type": "text/plain"
    },
    {
      "name": "Test Output",
      "source": "57728330-86f8-43ac-9988-a5570a5f7736-attachment.txt",
      "type": "text/plain"
    },
    {
      "name": "Test Output",
      "source": "bf5868ff-d69e-4e17-9c18-af97761251f1-attachment.txt",
      "type": "text/plain"
    },
    {
      "name": "Screenshot for Receipt.",
      "source": "7f439719-ba21-4036-8f94-71bdade44d56-attachment"
    },
    {
      "name": "Screenshot on failure",
      "source": "52064485-11b4-4450-9d60-f06881f2bb2c-attachment"
    }
  ],
  "parameters": [
    {
      "name": "platformName",
      "value": "Android"
    },
    {
      "name": "deviceName",
      "value": "emulator-5554"
    },
    {
      "name": "platformVersion",
      "value": "9"
    }
  ],
  "start": 1721811516674,
  "stop": 1721811547857
}