{
  "uuid": "d618f20a-4976-416d-9329-478de7fddb47",
  "historyId": "1afe7806b9f9535ffd1d283dbfc649f1",
  "fullName": "GoooBigTestCases.GoooBig_OtherPaymentMethods.VerifyOtherPaymentMethodsScreen",
  "labels": [
    {
      "name": "package",
      "value": "GoooBigTestCases.GoooBig_OtherPaymentMethods"
    },
    {
      "name": "testClass",
      "value": "GoooBigTestCases.GoooBig_OtherPaymentMethods"
    },
    {
      "name": "testMethod",
      "value": "VerifyOtherPaymentMethodsScreen"
    },
    {
      "name": "parentSuite",
      "value": "All Test Suite"
    },
    {
      "name": "suite",
      "value": "F:/GoooBigMobileApp"
    },
    {
      "name": "subSuite",
      "value": "GoooBigTestCases.GoooBig_OtherPaymentMethods"
    },
    {
      "name": "host",
      "value": "Lenovo"
    },
    {
      "name": "thread",
      "value": "3112@Lenovo.main(1)"
    },
    {
      "name": "framework",
      "value": "testng"
    },
    {
      "name": "language",
      "value": "java"
    },
    {
      "name": "owner",
      "value": "Ahmed Ali"
    },
    {
      "name": "severity",
      "value": "critical"
    }
  ],
  "links": [],
  "name": "VerifyOtherPaymentMethodsScreen",
  "status": "broken",
  "statusDetails": {
    "known": false,
    "muted": false,
    "flaky": false,
    "message": "org.openqa.selenium.WebDriverException: An unknown server-side error occurred while processing the command. Original error: org.eclipse.wst.xml.xpath2.processor.internal.StaticFunctNameError: Function does not exist: contains arity: 1\nBuild info: version: '3.141.59', revision: 'e82be7d358', time: '2018-11-14T08:17:03'\nSystem info: host: 'LENOVO', ip: '192.168.1.2', os.name: 'Windows 10', os.arch: 'amd64', os.version: '10.0', java.version: '1.8.0_271'\nDriver info: io.appium.java_client.android.AndroidDriver\nCapabilities {app: F:\\GoooBigMobileApp\\src\\tes..., appPackage: com.techplace.gooobig.pos, automationName: UiAutomator2, databaseEnabled: false, desired: {app: F:\\GoooBigMobileApp\\src\\tes..., automationName: UiAutomator2, deviceName: emulator-5554, platformName: android, platformVersion: 9}, deviceApiLevel: 28, deviceManufacturer: HUAWEI, deviceModel: JSN-L22, deviceName: NQX4C20521001975, deviceScreenDensity: 408, deviceScreenSize: 1080x2340, deviceUDID: NQX4C20521001975, javascriptEnabled: true, locationContextEnabled: false, networkConnectionEnabled: true, pixelRatio: 2.55, platform: LINUX, platformName: Android, platformVersion: 9, statBarHeight: 85, takesScreenshot: true, viewportRect: {height: 2170, left: 0, top: 85, width: 1080}, warnings: {}, webStorageEnabled: false}\nSession ID: 82ad3ac3-d18a-4301-a263-8f6a78557903\n*** Element info: {Using=xpath, value=//android.view.View[contains(@content-desc='وقت التسليم') or contains(@index, '21')]}",
    "trace": "org.openqa.selenium.WebDriverException: org.openqa.selenium.WebDriverException: An unknown server-side error occurred while processing the command. Original error: org.eclipse.wst.xml.xpath2.processor.internal.StaticFunctNameError: Function does not exist: contains arity: 1\nBuild info: version: '3.141.59', revision: 'e82be7d358', time: '2018-11-14T08:17:03'\nSystem info: host: 'LENOVO', ip: '192.168.1.2', os.name: 'Windows 10', os.arch: 'amd64', os.version: '10.0', java.version: '1.8.0_271'\nDriver info: io.appium.java_client.android.AndroidDriver\nCapabilities {app: F:\\GoooBigMobileApp\\src\\tes..., appPackage: com.techplace.gooobig.pos, automationName: UiAutomator2, databaseEnabled: false, desired: {app: F:\\GoooBigMobileApp\\src\\tes..., automationName: UiAutomator2, deviceName: emulator-5554, platformName: android, platformVersion: 9}, deviceApiLevel: 28, deviceManufacturer: HUAWEI, deviceModel: JSN-L22, deviceName: NQX4C20521001975, deviceScreenDensity: 408, deviceScreenSize: 1080x2340, deviceUDID: NQX4C20521001975, javascriptEnabled: true, locationContextEnabled: false, networkConnectionEnabled: true, pixelRatio: 2.55, platform: LINUX, platformName: Android, platformVersion: 9, statBarHeight: 85, takesScreenshot: true, viewportRect: {height: 2170, left: 0, top: 85, width: 1080}, warnings: {}, webStorageEnabled: false}\nSession ID: 82ad3ac3-d18a-4301-a263-8f6a78557903\n*** Element info: {Using=xpath, value=//android.view.View[contains(@content-desc='وقت التسليم') or contains(@index, '21')]}\r\n\tat io.appium.java_client.pagefactory.AppiumElementLocator$WaitingFunction.apply(AppiumElementLocator.java:192)\r\n\tat io.appium.java_client.pagefactory.AppiumElementLocator$WaitingFunction.apply(AppiumElementLocator.java:1)\r\n\tat org.openqa.selenium.support.ui.FluentWait.until(FluentWait.java:249)\r\n\tat io.appium.java_client.pagefactory.AppiumElementLocator.waitFor(AppiumElementLocator.java:99)\r\n\tat io.appium.java_client.pagefactory.AppiumElementLocator.findElement(AppiumElementLocator.java:119)\r\n\tat io.appium.java_client.pagefactory.interceptors.InterceptorOfASingleElement.intercept(InterceptorOfASingleElement.java:59)\r\n\tat io.appium.java_client.android.AndroidElement$$EnhancerByCGLIB$$b598166c.click(<generated>)\r\n\tat GoooBigScreens.OtherPaymentMethods.clickOnDeliveryTime(OtherPaymentMethods.java:277)\r\n\tat GoooBigTestCases.GoooBig_OtherPaymentMethods.VerifyOtherPaymentMethodsScreen(GoooBig_OtherPaymentMethods.java:102)\r\n\tat sun.reflect.NativeMethodAccessorImpl.invoke0(Native Method)\r\n\tat sun.reflect.NativeMethodAccessorImpl.invoke(NativeMethodAccessorImpl.java:62)\r\n\tat sun.reflect.DelegatingMethodAccessorImpl.invoke(DelegatingMethodAccessorImpl.java:43)\r\n\tat java.lang.reflect.Method.invoke(Method.java:498)\r\n\tat org.testng.internal.MethodInvocationHelper.invokeMethod(MethodInvocationHelper.java:133)\r\n\tat org.testng.internal.TestInvoker.invokeMethod(TestInvoker.java:598)\r\n\tat org.testng.internal.TestInvoker.invokeTestMethod(TestInvoker.java:173)\r\n\tat org.testng.internal.MethodRunner.runInSequence(MethodRunner.java:46)\r\n\tat org.testng.internal.TestInvoker$MethodInvocationAgent.invoke(TestInvoker.java:824)\r\n\tat org.testng.internal.TestInvoker.invokeTestMethods(TestInvoker.java:146)\r\n\tat org.testng.internal.TestMethodWorker.invokeTestMethods(TestMethodWorker.java:146)\r\n\tat org.testng.internal.TestMethodWorker.run(TestMethodWorker.java:128)\r\n\tat java.util.ArrayList.forEach(ArrayList.java:1259)\r\n\tat org.testng.TestRunner.privateRun(TestRunner.java:794)\r\n\tat org.testng.TestRunner.run(TestRunner.java:596)\r\n\tat org.testng.SuiteRunner.runTest(SuiteRunner.java:377)\r\n\tat org.testng.SuiteRunner.runSequentially(SuiteRunner.java:371)\r\n\tat org.testng.SuiteRunner.privateRun(SuiteRunner.java:332)\r\n\tat org.testng.SuiteRunner.run(SuiteRunner.java:276)\r\n\tat org.testng.SuiteRunnerWorker.runSuite(SuiteRunnerWorker.java:53)\r\n\tat org.testng.SuiteRunnerWorker.run(SuiteRunnerWorker.java:96)\r\n\tat org.testng.TestNG.runSuitesSequentially(TestNG.java:1212)\r\n\tat org.testng.TestNG.runSuitesLocally(TestNG.java:1134)\r\n\tat org.testng.TestNG.runSuites(TestNG.java:1063)\r\n\tat org.testng.TestNG.run(TestNG.java:1031)\r\n\tat com.intellij.rt.testng.IDEARemoteTestNG.run(IDEARemoteTestNG.java:65)\r\n\tat com.intellij.rt.testng.RemoteTestNGStarter.main(RemoteTestNGStarter.java:105)\r\nCaused by: org.openqa.selenium.WebDriverException: An unknown server-side error occurred while processing the command. Original error: org.eclipse.wst.xml.xpath2.processor.internal.StaticFunctNameError: Function does not exist: contains arity: 1\nBuild info: version: '3.141.59', revision: 'e82be7d358', time: '2018-11-14T08:17:03'\nSystem info: host: 'LENOVO', ip: '192.168.1.2', os.name: 'Windows 10', os.arch: 'amd64', os.version: '10.0', java.version: '1.8.0_271'\nDriver info: io.appium.java_client.android.AndroidDriver\nCapabilities {app: F:\\GoooBigMobileApp\\src\\tes..., appPackage: com.techplace.gooobig.pos, automationName: UiAutomator2, databaseEnabled: false, desired: {app: F:\\GoooBigMobileApp\\src\\tes..., automationName: UiAutomator2, deviceName: emulator-5554, platformName: android, platformVersion: 9}, deviceApiLevel: 28, deviceManufacturer: HUAWEI, deviceModel: JSN-L22, deviceName: NQX4C20521001975, deviceScreenDensity: 408, deviceScreenSize: 1080x2340, deviceUDID: NQX4C20521001975, javascriptEnabled: true, locationContextEnabled: false, networkConnectionEnabled: true, pixelRatio: 2.55, platform: LINUX, platformName: Android, platformVersion: 9, statBarHeight: 85, takesScreenshot: true, viewportRect: {height: 2170, left: 0, top: 85, width: 1080}, warnings: {}, webStorageEnabled: false}\nSession ID: 82ad3ac3-d18a-4301-a263-8f6a78557903\n*** Element info: {Using=xpath, value=//android.view.View[contains(@content-desc='وقت التسليم') or contains(@index, '21')]}\r\n\tat sun.reflect.NativeConstructorAccessorImpl.newInstance0(Native Method)\r\n\tat sun.reflect.NativeConstructorAccessorImpl.newInstance(NativeConstructorAccessorImpl.java:62)\r\n\tat sun.reflect.DelegatingConstructorAccessorImpl.newInstance(DelegatingConstructorAccessorImpl.java:45)\r\n\tat java.lang.reflect.Constructor.newInstance(Constructor.java:423)\r\n\tat org.openqa.selenium.remote.http.W3CHttpResponseCodec.createException(W3CHttpResponseCodec.java:187)\r\n\tat org.openqa.selenium.remote.http.W3CHttpResponseCodec.decode(W3CHttpResponseCodec.java:122)\r\n\tat org.openqa.selenium.remote.http.W3CHttpResponseCodec.decode(W3CHttpResponseCodec.java:49)\r\n\tat org.openqa.selenium.remote.HttpCommandExecutor.execute(HttpCommandExecutor.java:158)\r\n\tat io.appium.java_client.remote.AppiumCommandExecutor.execute(AppiumCommandExecutor.java:239)\r\n\tat org.openqa.selenium.remote.RemoteWebDriver.execute(RemoteWebDriver.java:552)\r\n\tat io.appium.java_client.DefaultGenericMobileDriver.execute(DefaultGenericMobileDriver.java:41)\r\n\tat io.appium.java_client.AppiumDriver.execute(AppiumDriver.java:1)\r\n\tat io.appium.java_client.android.AndroidDriver.execute(AndroidDriver.java:1)\r\n\tat org.openqa.selenium.remote.RemoteWebDriver.findElement(RemoteWebDriver.java:323)\r\n\tat io.appium.java_client.DefaultGenericMobileDriver.findElement(DefaultGenericMobileDriver.java:61)\r\n\tat io.appium.java_client.AppiumDriver.findElement(AppiumDriver.java:1)\r\n\tat io.appium.java_client.android.AndroidDriver.findElement(AndroidDriver.java:1)\r\n\tat org.openqa.selenium.remote.RemoteWebDriver.findElementByXPath(RemoteWebDriver.java:428)\r\n\tat io.appium.java_client.DefaultGenericMobileDriver.findElementByXPath(DefaultGenericMobileDriver.java:151)\r\n\tat io.appium.java_client.AppiumDriver.findElementByXPath(AppiumDriver.java:1)\r\n\tat io.appium.java_client.android.AndroidDriver.findElementByXPath(AndroidDriver.java:1)\r\n\tat org.openqa.selenium.By$ByXPath.findElement(By.java:353)\r\n\tat org.openqa.selenium.remote.RemoteWebDriver.findElement(RemoteWebDriver.java:315)\r\n\tat io.appium.java_client.DefaultGenericMobileDriver.findElement(DefaultGenericMobileDriver.java:57)\r\n\tat io.appium.java_client.AppiumDriver.findElement(AppiumDriver.java:1)\r\n\tat io.appium.java_client.android.AndroidDriver.findElement(AndroidDriver.java:1)\r\n\tat io.appium.java_client.pagefactory.bys.builder.ByChained.lambda$0(ByChained.java:38)\r\n\tat org.openqa.selenium.support.ui.FluentWait.until(FluentWait.java:249)\r\n\tat io.appium.java_client.pagefactory.bys.builder.ByChained.findElement(ByChained.java:72)\r\n\tat org.openqa.selenium.remote.RemoteWebDriver.findElement(RemoteWebDriver.java:315)\r\n\tat io.appium.java_client.DefaultGenericMobileDriver.findElement(DefaultGenericMobileDriver.java:57)\r\n\tat io.appium.java_client.AppiumDriver.findElement(AppiumDriver.java:1)\r\n\tat io.appium.java_client.android.AndroidDriver.findElement(AndroidDriver.java:1)\r\n\tat io.appium.java_client.pagefactory.bys.ContentMappedBy.findElement(ContentMappedBy.java:50)\r\n\tat org.openqa.selenium.remote.RemoteWebDriver.findElement(RemoteWebDriver.java:315)\r\n\tat io.appium.java_client.DefaultGenericMobileDriver.findElement(DefaultGenericMobileDriver.java:57)\r\n\tat io.appium.java_client.AppiumDriver.findElement(AppiumDriver.java:1)\r\n\tat io.appium.java_client.android.AndroidDriver.findElement(AndroidDriver.java:1)\r\n\tat io.appium.java_client.pagefactory.AppiumElementLocator.lambda$0(AppiumElementLocator.java:120)\r\n\tat io.appium.java_client.pagefactory.AppiumElementLocator$WaitingFunction.apply(AppiumElementLocator.java:172)\r\n\t... 35 more\r\n"
  },
  "stage": "finished",
  "description": "This test attempts to Small Non Tax Invoice With Discount over Invoice level",
  "steps": [
    {
      "name": "verify to search for a product and add it in cart.",
      "status": "passed",
      "stage": "finished",
      "steps": [],
      "attachments": [],
      "parameters": [],
      "start": 1717417518525,
      "stop": 1717417518526
    },
    {
      "name": "verify to Do discount over invoice level.",
      "status": "passed",
      "stage": "finished",
      "steps": [],
      "attachments": [],
      "parameters": [],
      "start": 1717417523498,
      "stop": 1717417523498
    },
    {
      "name": "verify to get data like price and Tax an total price of the invoice.",
      "status": "passed",
      "stage": "finished",
      "steps": [],
      "attachments": [],
      "parameters": [],
      "start": 1717417531157,
      "stop": 1717417531157
    },
    {
      "name": "verify to do payment and print the invoice.",
      "status": "passed",
      "stage": "finished",
      "steps": [],
      "attachments": [],
      "parameters": [],
      "start": 1717417531315,
      "stop": 1717417531315
    }
  ],
  "attachments": [
    {
      "name": "Test Output",
      "source": "8ebb4f37-1617-43f6-b4c9-c1cfe0b576e5-attachment.txt",
      "type": "text/plain"
    },
    {
      "name": "Test Output",
      "source": "df681fd6-db14-49b2-af2f-6be61c1bba23-attachment.txt",
      "type": "text/plain"
    },
    {
      "name": "Test Output",
      "source": "d25becde-dacf-4f86-8fed-bf30db44c7aa-attachment.txt",
      "type": "text/plain"
    },
    {
      "name": "Test Output",
      "source": "2da46184-5ed5-41c2-a4ba-3ab780dc23ce-attachment.txt",
      "type": "text/plain"
    },
    {
      "name": "Test Output",
      "source": "8a090f1a-4ba4-4ed0-a5d9-defa5192684e-attachment.txt",
      "type": "text/plain"
    },
    {
      "name": "Screenshot on failure",
      "source": "2ed33588-fb3c-42e1-8ff0-dbc077e53391-attachment"
    }
  ],
  "parameters": [
    {
      "name": "platformName",
      "value": "Android"
    },
    {
      "name": "deviceName",
      "value": "emulator-5554"
    },
    {
      "name": "platformVersion",
      "value": "9"
    }
  ],
  "start": 1717417505480,
  "stop": 1717417534845
}